#
# A fatal error has been detected by the Java Runtime Environment:
#
#  SIGSEGV (0xb) at pc=0x000000012c105381, pid=16696, tid=2571
#
# JRE version: Java(TM) SE Runtime Environment (8.0_20-b26) (build 1.8.0_20-b26)
# Java VM: Java HotSpot(TM) 64-Bit Server VM (25.20-b23 mixed mode bsd-amd64 compressed oops)
# Problematic frame:
# C  [libglass.dylib+0x16381]  GlassScreenDidChangeScreenParameters+0x21
#
# Failed to write core dump. Core dumps have been disabled. To enable core dumping, try "ulimit -c unlimited" before starting Java again
#
# If you would like to submit a bug report, please visit:
#   http://bugreport.sun.com/bugreport/crash.jsp
#

---------------  T H R E A D  ---------------

Current thread is native thread

siginfo: si_signo: 11 (SIGSEGV), si_code: 1 (SEGV_MAPERR), si_addr: 0x0000000000000000

Registers:
RAX=0x000000012c137d48, RBX=0x0000000000000000, RCX=0x0000000000000103, RDX=0x0000010000000100
RSP=0x00007fff531ed590, RBP=0x00007fff531ed5a0, RSI=0x00007febb2603d38, RDI=0x0000000000000000
R8 =0x0000000000000040, R9 =0x00007fff7e0b71e0, R10=0xffffffffffffffff, R11=0x0000000000000246
R12=0x00007febb24aa960, R13=0x00007febb2571250, R14=0x00007febb2571310, R15=0x0000000000000000
RIP=0x000000012c105381, EFLAGS=0x0000000000010246, ERR=0x0000000000000004
  TRAPNO=0x000000000000000e

Top of Stack: (sp=0x00007fff531ed590)
0x00007fff531ed590:   00007fff531ed5e8 00007febb2571310
0x00007fff531ed5a0:   00007fff531ed5b0 00007fff993cba0c
0x00007fff531ed5b0:   00007fff531ed5d0 00007fff993cb99f
0x00007fff531ed5c0:   0000000000000000 0000000000000000
0x00007fff531ed5d0:   00007fff531ed640 00007fff993cb917
0x00007fff531ed5e0:   00007fff9978b633 00007fff7d7840a0
0x00007fff531ed5f0:   0000000042000000 00007fff993cb960
0x00007fff531ed600:   00007fff7edcb6f0 00007febb2571250
0x00007fff531ed610:   00007febb24aa960 00007fff531edde8
0x00007fff531ed620:   00007fff7eef6bd0 00007fff531edde8
0x00007fff531ed630:   00007febb2571250 00007fff9978a955
0x00007fff531ed640:   00007fff531ed680 00007fff993cb682
0x00007fff531ed650:   00007fff531edc60 0000000000000000
0x00007fff531ed660:   00007fff7eef6bd0 00007fff531edde8
0x00007fff531ed670:   00007fff907d7d40 00007fff9978a955
0x00007fff531ed680:   00007fff531edd90 00007fff99388442
0x00007fff531ed690:   00007febb4903900 0000000000000002
0x00007fff531ed6a0:   0000000000000000 00007febb4806b80
0x00007fff531ed6b0:   00007febb3005048 00007febb2561b70
0x00007fff531ed6c0:   0000000000000000 00007febb2571370
0x00007fff531ed6d0:   0000000000000000 0000000000000000
0x00007fff531ed6e0:   00007fff7ee085b0 00007fff531edc60
0x00007fff531ed6f0:   0000000000000001 0000000000000100
0x00007fff531ed700:   0000000000001f00 00007fff531edb60
0x00007fff531ed710:   0000000000000000 0000000000000100
0x00007fff531ed720:   409cf40000000000 00007fff7eef6bd0
0x00007fff531ed730:   0000000000000000 00007fff7edcc490
0x00007fff531ed740:   00007fff7eef6bd0 0000000000000000
0x00007fff531ed750:   00007fff7edcc490 00007febb247d550
0x00007fff531ed760:   00007febb4903900 00007fff945bf1b3
0x00007fff531ed770:   00000000001aa301 00007fff7d5f92c0
0x00007fff531ed780:   00000000001aa300 000000007d5f92c0 

Instructions: (pc=0x000000012c105381)
0x000000012c105361:   48 89 e5 41 56 53 48 8d 05 d2 2a 03 00 48 83 38
0x000000012c105371:   00 48 89 fb 75 72 48 8d 05 ca 29 03 00 48 8b 30
0x000000012c105381:   48 8b 03 48 8d 15 7c 99 01 00 48 8d 0d 5e 6f 01
0x000000012c105391:   00 48 89 df ff 90 88 03 00 00 48 8d 0d 9e 2a 03 

Register to memory mapping:

RAX=0x000000012c137d48: jScreenClass+0 in /Library/Java/JavaVirtualMachines/jdk1.8.0_20.jdk/Contents/Home/jre/lib/libglass.dylib at 0x000000012c0ef000
RBX=0x0000000000000000 is an unknown value
RCX=0x0000000000000103 is an unknown value
RDX=0x0000010000000100 is an unknown value
RSP=0x00007fff531ed590 is an unknown value
RBP=0x00007fff531ed5a0 is an unknown value
RSI=0x00007febb2603d38 is a global jni handle
RDI=0x0000000000000000 is an unknown value
R8 =0x0000000000000040 is an unknown value
R9 =0x00007fff7e0b71e0: __sFX+0x1c0 in /usr/lib/system/libsystem_c.dylib at 0x00007fff94f49000
R10=0xffffffffffffffff is an unknown value
R11=0x0000000000000246 is an unknown value
R12=0x00007febb24aa960 is an unknown value
R13=0x00007febb2571250 is an unknown value
R14=0x00007febb2571310 is an unknown value
R15=0x0000000000000000 is an unknown value


Stack: [0x00007fff529f1000,0x00007fff531f1000],  sp=0x00007fff531ed590,  free space=8177k
Native frames: (J=compiled Java code, j=interpreted, Vv=VM code, C=native code)
C  [libglass.dylib+0x16381]  GlassScreenDidChangeScreenParameters+0x21
C  [CoreFoundation+0xa0a0c]  __CFNOTIFICATIONCENTER_IS_CALLING_OUT_TO_AN_OBSERVER__+0xc
C  [CoreFoundation+0xa099f]  ___CFXRegistrationPost_block_invoke+0x3f
C  [CoreFoundation+0xa0917]  _CFXRegistrationPost+0x197
C  [CoreFoundation+0xa0682]  ___CFXNotificationPost_block_invoke+0x32
C  [CoreFoundation+0x5d442]  -[_CFXNotificationRegistrar find:object:observer:enumerator:]+0x782
C  [CoreFoundation+0x5c695]  _CFXNotificationPost+0x2b5
C  [Foundation+0x731a]  -[NSNotificationCenter postNotificationName:object:userInfo:]+0x42
C  [AppKit+0x41dbae]  -[NSApplication _reactToScreenInvalidationImmediately:]+0x17f
C  [AppKit+0x41d9ff]  __44-[NSApplication _reactToScreenInvalidation:]_block_invoke+0x3b
C  [CoreFoundation+0xaa24c]  __CFRUNLOOP_IS_CALLING_OUT_TO_A_BLOCK__+0xc
C  [CoreFoundation+0x89b65]  __CFRunLoopDoBlocks+0x155
C  [CoreFoundation+0x898cb]  __CFRunLoopRun+0x92b
C  [CoreFoundation+0x88d38]  CFRunLoopRunSpecific+0x128
C  [java+0x56cc]  CreateExecutionEnvironment+0x367
C  [java+0x165c]  JLI_Launch+0x7a0
C  [java+0x768a]  main+0x65
C  [java+0xeb4]  start+0x34


---------------  P R O C E S S  ---------------

VM state:at safepoint (normal execution)

VM Mutex/Monitor currently owned by a thread:  ([mutex/lock_event])
[0x00007febb4802c80] Threads_lock - owner thread: 0x00007febb580c800

Heap:
 PSYoungGen      total 76288K, used 20143K [0x000000076ab00000, 0x0000000770000000, 0x00000007c0000000)
  eden space 65536K, 30% used [0x000000076ab00000,0x000000076beabd08,0x000000076eb00000)
  from space 10752K, 0% used [0x000000076f580000,0x000000076f580000,0x0000000770000000)
  to   space 10752K, 0% used [0x000000076eb00000,0x000000076eb00000,0x000000076f580000)
 ParOldGen       total 175104K, used 0K [0x00000006c0000000, 0x00000006cab00000, 0x000000076ab00000)
  object space 175104K, 0% used [0x00000006c0000000,0x00000006c0000000,0x00000006cab00000)
 Metaspace       used 7467K, capacity 7712K, committed 7936K, reserved 1056768K
  class space    used 813K, capacity 902K, committed 1024K, reserved 1048576K

Card table byte_map: [0x000000011e0db000,0x000000011e8dc000] byte_map_base: 0x000000011aadb000

Marking Bits: (ParMarkBitMap*) 0x000000010e69c330
 Begin Bits: [0x000000011ee32000, 0x0000000122e32000)
 End Bits:   [0x0000000122e32000, 0x0000000126e32000)

Polling page: 0x000000010cd02000

CodeCache: size=245760Kb used=2149Kb max_used=2149Kb free=243610Kb
 bounds [0x000000010ed1b000, 0x000000010ef8b000, 0x000000011dd1b000]
 total_blobs=879 nmethods=497 adapters=297
 compilation: enabled

Compilation events (10 events):
Event: 0.603 Thread 0x00007febb4055000  493       3       java.io.BufferedWriter::ensureOpen (18 bytes)
Event: 0.603 Thread 0x00007febb4055000 nmethod 493 0x000000010ef34090 code [0x000000010ef34200, 0x000000010ef34428]
Event: 0.603 Thread 0x00007febb4055000  494       3       java.nio.Buffer::remaining (10 bytes)
Event: 0.603 Thread 0x00007febb4055000 nmethod 494 0x000000010ef344d0 code [0x000000010ef34620, 0x000000010ef34770]
Event: 0.603 Thread 0x00007febb4055000  496       3       java.nio.Buffer::hasRemaining (17 bytes)
Event: 0.603 Thread 0x00007febb6800000  499       4       java.lang.AbstractStringBuilder::ensureCapacityInternal (16 bytes)
Event: 0.603 Thread 0x00007febb4055000 nmethod 496 0x000000010ef347d0 code [0x000000010ef34940, 0x000000010ef34af0]
Event: 0.603 Thread 0x00007febb4055000  498       3       java.nio.CharBuffer::hasArray (20 bytes)
Event: 0.603 Thread 0x00007febb4055000 nmethod 498 0x000000010ef34b50 code [0x000000010ef34cc0, 0x000000010ef34eb0]
Event: 0.603 Thread 0x00007febb4055000  501       3       java.nio.Buffer::<init> (121 bytes)

GC Heap History (0 events):
No events

Deoptimization events (0 events):
No events

Internal exceptions (10 events):
Event: 0.519 Thread 0x00007febb41f4800 Exception <a 'java/security/PrivilegedActionException'> (0x000000076b97ac80) thrown at [/HUDSON3/workspace/8-2-build-macosx-x86_64/jdk8u20/1074/hotspot/src/share/vm/prims/jvm.cpp, line 1275]
Event: 0.519 Thread 0x00007febb41f4800 Exception <a 'java/security/PrivilegedActionException'> (0x000000076b97d340) thrown at [/HUDSON3/workspace/8-2-build-macosx-x86_64/jdk8u20/1074/hotspot/src/share/vm/prims/jvm.cpp, line 1275]
Event: 0.519 Thread 0x00007febb41f4800 Exception <a 'java/security/PrivilegedActionException'> (0x000000076b97eb48) thrown at [/HUDSON3/workspace/8-2-build-macosx-x86_64/jdk8u20/1074/hotspot/src/share/vm/prims/jvm.cpp, line 1275]
Event: 0.541 Thread 0x00007febb41f4800 Exception <a 'java/security/PrivilegedActionException'> (0x000000076bc2d1e8) thrown at [/HUDSON3/workspace/8-2-build-macosx-x86_64/jdk8u20/1074/hotspot/src/share/vm/prims/jvm.cpp, line 1275]
Event: 0.541 Thread 0x00007febb41f4800 Exception <a 'java/security/PrivilegedActionException'> (0x000000076bc2e920) thrown at [/HUDSON3/workspace/8-2-build-macosx-x86_64/jdk8u20/1074/hotspot/src/share/vm/prims/jvm.cpp, line 1275]
Event: 0.549 Thread 0x00007febb41f4800 Exception <a 'java/security/PrivilegedActionException'> (0x000000076bc37c28) thrown at [/HUDSON3/workspace/8-2-build-macosx-x86_64/jdk8u20/1074/hotspot/src/share/vm/prims/jvm.cpp, line 1275]
Event: 0.549 Thread 0x00007febb41f4800 Exception <a 'java/security/PrivilegedActionException'> (0x000000076bc395b8) thrown at [/HUDSON3/workspace/8-2-build-macosx-x86_64/jdk8u20/1074/hotspot/src/share/vm/prims/jvm.cpp, line 1275]
Event: 0.551 Thread 0x00007febb41f4800 Exception <a 'java/lang/UnsatisfiedLinkError': com.pi4j.wiringpi.Gpio.wiringPiSetup()I> (0x000000076bc43390) thrown at [/HUDSON3/workspace/8-2-build-macosx-x86_64/jdk8u20/1074/hotspot/src/share/vm/prims/nativeLookup.cpp, line 378]
Event: 0.551 Thread 0x00007febb41f4800 Exception <a 'java/lang/reflect/InvocationTargetException'> (0x000000076bc43540) thrown at [/HUDSON3/workspace/8-2-build-macosx-x86_64/jdk8u20/1074/hotspot/src/share/vm/runtime/reflection.cpp, line 1079]
Event: 0.602 Thread 0x00007febb2805000 Exception <a 'java/lang/reflect/InvocationTargetException'> (0x000000076b2f44c0) thrown at [/HUDSON3/workspace/8-2-build-macosx-x86_64/jdk8u20/1074/hotspot/src/share/vm/runtime/reflection.cpp, line 1079]

Events (10 events):
Event: 0.602 Thread 0x00007febb5888800 Thread exited: 0x00007febb5888800
Event: 0.602 Thread 0x00007febb421c000 Thread exited: 0x00007febb421c000
Event: 0.602 Thread 0x00007febb41f4800 Thread exited: 0x00007febb41f4800
Event: 0.603 loading class java/util/IdentityHashMap$KeyIterator
Event: 0.603 loading class java/util/IdentityHashMap$IdentityHashMapIterator
Event: 0.603 loading class java/util/IdentityHashMap$IdentityHashMapIterator done
Event: 0.603 loading class java/util/IdentityHashMap$KeyIterator done
Event: 0.603 Thread 0x00007febb28f0800 Thread added: 0x00007febb28f0800
Event: 0.603 Thread 0x00007febb28f0800 Thread exited: 0x00007febb28f0800
Event: 0.604 Executing VM operation: Exit


Dynamic libraries:
0x000000000cde5000 	/System/Library/Frameworks/Cocoa.framework/Versions/A/Cocoa
0x000000000cde5000 	/System/Library/Frameworks/Security.framework/Versions/A/Security
0x000000000cde5000 	/System/Library/Frameworks/ApplicationServices.framework/Versions/A/ApplicationServices
0x000000000cde5000 	/usr/lib/libz.1.dylib
0x000000000cde5000 	/usr/lib/libSystem.B.dylib
0x000000000cde5000 	/usr/lib/libobjc.A.dylib
0x000000000cde5000 	/System/Library/Frameworks/CoreFoundation.framework/Versions/A/CoreFoundation
0x000000000cde5000 	/System/Library/Frameworks/Foundation.framework/Versions/C/Foundation
0x000000000cde5000 	/System/Library/Frameworks/AppKit.framework/Versions/C/AppKit
0x000000000cde5000 	/System/Library/Frameworks/CoreData.framework/Versions/A/CoreData
0x000000000cde5000 	/System/Library/PrivateFrameworks/RemoteViewServices.framework/Versions/A/RemoteViewServices
0x000000000cde5000 	/System/Library/PrivateFrameworks/UIFoundation.framework/Versions/A/UIFoundation
0x000000000cde5000 	/usr/lib/libScreenReader.dylib
0x000000000cde5000 	/System/Library/Frameworks/Accelerate.framework/Versions/A/Accelerate
0x000000000cde5000 	/System/Library/Frameworks/IOSurface.framework/Versions/A/IOSurface
0x000000000cde5000 	/System/Library/Frameworks/AudioToolbox.framework/Versions/A/AudioToolbox
0x000000000cde5000 	/System/Library/Frameworks/AudioUnit.framework/Versions/A/AudioUnit
0x000000000cde5000 	/System/Library/PrivateFrameworks/DataDetectorsCore.framework/Versions/A/DataDetectorsCore
0x000000000cde5000 	/System/Library/PrivateFrameworks/DesktopServicesPriv.framework/Versions/A/DesktopServicesPriv
0x000000000cde5000 	/System/Library/Frameworks/Carbon.framework/Versions/A/Frameworks/HIToolbox.framework/Versions/A/HIToolbox
0x000000000cde5000 	/System/Library/Frameworks/QuartzCore.framework/Versions/A/QuartzCore
0x000000000cde5000 	/System/Library/Frameworks/Carbon.framework/Versions/A/Frameworks/SpeechRecognition.framework/Versions/A/SpeechRecognition
0x000000000cde5000 	/usr/lib/libauto.dylib
0x000000000cde5000 	/usr/lib/libicucore.A.dylib
0x000000000cde5000 	/usr/lib/libxml2.2.dylib
0x000000000cde5000 	/System/Library/PrivateFrameworks/CoreUI.framework/Versions/A/CoreUI
0x000000000cde5000 	/System/Library/Frameworks/CoreAudio.framework/Versions/A/CoreAudio
0x000000000cde5000 	/System/Library/Frameworks/DiskArbitration.framework/Versions/A/DiskArbitration
0x000000000cde5000 	/usr/lib/liblangid.dylib
0x000000000cde5000 	/System/Library/PrivateFrameworks/MultitouchSupport.framework/Versions/A/MultitouchSupport
0x000000000cde5000 	/System/Library/Frameworks/IOKit.framework/Versions/A/IOKit
0x000000000cde5000 	/usr/lib/libDiagnosticMessagesClient.dylib
0x000000000cde5000 	/System/Library/Frameworks/CoreServices.framework/Versions/A/CoreServices
0x000000000cde5000 	/System/Library/PrivateFrameworks/PerformanceAnalysis.framework/Versions/A/PerformanceAnalysis
0x000000000cde5000 	/System/Library/PrivateFrameworks/GenerationalStorage.framework/Versions/A/GenerationalStorage
0x000000000cde5000 	/System/Library/Frameworks/OpenGL.framework/Versions/A/OpenGL
0x000000000cde5000 	/System/Library/PrivateFrameworks/Sharing.framework/Versions/A/Sharing
0x000000000cde5000 	/System/Library/Frameworks/CoreGraphics.framework/Versions/A/CoreGraphics
0x000000000cde5000 	/System/Library/Frameworks/CoreImage.framework/Versions/A/CoreImage
0x000000000cde5000 	/System/Library/Frameworks/CoreText.framework/Versions/A/CoreText
0x000000000cde5000 	/System/Library/Frameworks/ImageIO.framework/Versions/A/ImageIO
0x000000000cde5000 	/System/Library/PrivateFrameworks/Backup.framework/Versions/A/Backup
0x000000000cde5000 	/usr/lib/libextension.dylib
0x000000000cde5000 	/usr/lib/libarchive.2.dylib
0x000000000cde5000 	/System/Library/Frameworks/CFNetwork.framework/Versions/A/CFNetwork
0x000000000cde5000 	/System/Library/Frameworks/SystemConfiguration.framework/Versions/A/SystemConfiguration
0x000000000cde5000 	/usr/lib/libCRFSuite.dylib
0x000000000cde5000 	/usr/lib/libc++.1.dylib
0x000000000cde5000 	/usr/lib/libc++abi.dylib
0x000000000cde5000 	/usr/lib/system/libcache.dylib
0x000000000cde5000 	/usr/lib/system/libcommonCrypto.dylib
0x000000000cde5000 	/usr/lib/system/libcompiler_rt.dylib
0x000000000cde5000 	/usr/lib/system/libcopyfile.dylib
0x000000000cde5000 	/usr/lib/system/libcorecrypto.dylib
0x000000000cde5000 	/usr/lib/system/libdispatch.dylib
0x000000000cde5000 	/usr/lib/system/libdyld.dylib
0x000000000cde5000 	/usr/lib/system/libkeymgr.dylib
0x000000000cde5000 	/usr/lib/system/liblaunch.dylib
0x000000000cde5000 	/usr/lib/system/libmacho.dylib
0x000000000cde5000 	/usr/lib/system/libquarantine.dylib
0x000000000cde5000 	/usr/lib/system/libremovefile.dylib
0x000000000cde5000 	/usr/lib/system/libsystem_asl.dylib
0x000000000cde5000 	/usr/lib/system/libsystem_blocks.dylib
0x000000000cde5000 	/usr/lib/system/libsystem_c.dylib
0x000000000cde5000 	/usr/lib/system/libsystem_configuration.dylib
0x000000000cde5000 	/usr/lib/system/libsystem_coreservices.dylib
0x000000000cde5000 	/usr/lib/system/libsystem_coretls.dylib
0x000000000cde5000 	/usr/lib/system/libsystem_dnssd.dylib
0x000000000cde5000 	/usr/lib/system/libsystem_info.dylib
0x000000000cde5000 	/usr/lib/system/libsystem_kernel.dylib
0x000000000cde5000 	/usr/lib/system/libsystem_m.dylib
0x000000000cde5000 	/usr/lib/system/libsystem_malloc.dylib
0x000000000cde5000 	/usr/lib/system/libsystem_network.dylib
0x000000000cde5000 	/usr/lib/system/libsystem_networkextension.dylib
0x000000000cde5000 	/usr/lib/system/libsystem_notify.dylib
0x000000000cde5000 	/usr/lib/system/libsystem_platform.dylib
0x000000000cde5000 	/usr/lib/system/libsystem_pthread.dylib
0x000000000cde5000 	/usr/lib/system/libsystem_sandbox.dylib
0x000000000cde5000 	/usr/lib/system/libsystem_secinit.dylib
0x000000000cde5000 	/usr/lib/system/libsystem_trace.dylib
0x000000000cde5000 	/usr/lib/system/libunc.dylib
0x000000000cde5000 	/usr/lib/system/libunwind.dylib
0x000000000cde5000 	/usr/lib/system/libxpc.dylib
0x000000000cde5000 	/usr/lib/libenergytrace.dylib
0x000000000cde5000 	/usr/lib/libbsm.0.dylib
0x000000000cde5000 	/usr/lib/system/libkxld.dylib
0x000000000cde5000 	/usr/lib/libxar.1.dylib
0x000000000cde5000 	/usr/lib/libsqlite3.dylib
0x000000000cde5000 	/usr/lib/libpam.2.dylib
0x000000000cde5000 	/usr/lib/libOpenScriptingUtil.dylib
0x000000000cde5000 	/usr/lib/libbz2.1.0.dylib
0x000000000cde5000 	/usr/lib/liblzma.5.dylib
0x000000000cde5000 	/System/Library/Frameworks/CoreServices.framework/Versions/A/Frameworks/FSEvents.framework/Versions/A/FSEvents
0x000000000cde5000 	/System/Library/Frameworks/CoreServices.framework/Versions/A/Frameworks/CarbonCore.framework/Versions/A/CarbonCore
0x000000000cde5000 	/System/Library/Frameworks/CoreServices.framework/Versions/A/Frameworks/Metadata.framework/Versions/A/Metadata
0x000000000cde5000 	/System/Library/Frameworks/CoreServices.framework/Versions/A/Frameworks/OSServices.framework/Versions/A/OSServices
0x000000000cde5000 	/System/Library/Frameworks/CoreServices.framework/Versions/A/Frameworks/SearchKit.framework/Versions/A/SearchKit
0x000000000cde5000 	/System/Library/Frameworks/CoreServices.framework/Versions/A/Frameworks/AE.framework/Versions/A/AE
0x000000000cde5000 	/System/Library/Frameworks/CoreServices.framework/Versions/A/Frameworks/LaunchServices.framework/Versions/A/LaunchServices
0x000000000cde5000 	/System/Library/Frameworks/CoreServices.framework/Versions/A/Frameworks/DictionaryServices.framework/Versions/A/DictionaryServices
0x000000000cde5000 	/System/Library/Frameworks/CoreServices.framework/Versions/A/Frameworks/SharedFileList.framework/Versions/A/SharedFileList
0x000000000cde5000 	/System/Library/Frameworks/NetFS.framework/Versions/A/NetFS
0x000000000cde5000 	/System/Library/PrivateFrameworks/NetAuth.framework/Versions/A/NetAuth
0x000000000cde5000 	/System/Library/PrivateFrameworks/login.framework/Versions/A/Frameworks/loginsupport.framework/Versions/A/loginsupport
0x000000000cde5000 	/System/Library/PrivateFrameworks/TCC.framework/Versions/A/TCC
0x000000000cde5000 	/usr/lib/libmecabra.dylib
0x000000000cde5000 	/System/Library/Frameworks/ApplicationServices.framework/Versions/A/Frameworks/ATS.framework/Versions/A/ATS
0x000000000cde5000 	/System/Library/Frameworks/ApplicationServices.framework/Versions/A/Frameworks/ColorSync.framework/Versions/A/ColorSync
0x000000000cde5000 	/System/Library/Frameworks/ApplicationServices.framework/Versions/A/Frameworks/HIServices.framework/Versions/A/HIServices
0x000000000cde5000 	/System/Library/Frameworks/ApplicationServices.framework/Versions/A/Frameworks/LangAnalysis.framework/Versions/A/LangAnalysis
0x000000000cde5000 	/System/Library/Frameworks/ApplicationServices.framework/Versions/A/Frameworks/PrintCore.framework/Versions/A/PrintCore
0x000000000cde5000 	/System/Library/Frameworks/ApplicationServices.framework/Versions/A/Frameworks/QD.framework/Versions/A/QD
0x000000000cde5000 	/System/Library/Frameworks/ApplicationServices.framework/Versions/A/Frameworks/SpeechSynthesis.framework/Versions/A/SpeechSynthesis
0x000000000cde5000 	/System/Library/Frameworks/Metal.framework/Versions/A/Metal
0x000000000cde5000 	/System/Library/Frameworks/Accelerate.framework/Versions/A/Frameworks/vImage.framework/Versions/A/vImage
0x000000000cde5000 	/System/Library/Frameworks/Accelerate.framework/Versions/A/Frameworks/vecLib.framework/Versions/A/vecLib
0x000000000cde5000 	/System/Library/Frameworks/Accelerate.framework/Versions/A/Frameworks/vecLib.framework/Versions/A/libvDSP.dylib
0x000000000cde5000 	/System/Library/Frameworks/Accelerate.framework/Versions/A/Frameworks/vecLib.framework/Versions/A/libvMisc.dylib
0x000000000cde5000 	/System/Library/Frameworks/Accelerate.framework/Versions/A/Frameworks/vecLib.framework/Versions/A/libLAPACK.dylib
0x000000000cde5000 	/System/Library/Frameworks/Accelerate.framework/Versions/A/Frameworks/vecLib.framework/Versions/A/libBLAS.dylib
0x000000000cde5000 	/System/Library/Frameworks/Accelerate.framework/Versions/A/Frameworks/vecLib.framework/Versions/A/libLinearAlgebra.dylib
0x000000000cde5000 	/System/Library/Frameworks/Accelerate.framework/Versions/A/Frameworks/vecLib.framework/Versions/A/libSparseBLAS.dylib
0x000000000cde5000 	/System/Library/PrivateFrameworks/GPUCompiler.framework/libmetal_timestamp.dylib
0x000000000cde5000 	/System/Library/Frameworks/OpenGL.framework/Versions/A/Libraries/libCoreFSCache.dylib
0x000000000cde5000 	/System/Library/PrivateFrameworks/IOAccelerator.framework/Versions/A/IOAccelerator
0x000000000cde5000 	/System/Library/Frameworks/ApplicationServices.framework/Versions/A/Frameworks/ATS.framework/Versions/A/Resources/libFontParser.dylib
0x000000000cde5000 	/System/Library/Frameworks/ApplicationServices.framework/Versions/A/Frameworks/ATS.framework/Versions/A/Resources/libFontRegistry.dylib
0x000000000cde5000 	/System/Library/PrivateFrameworks/AppleVPA.framework/Versions/A/AppleVPA
0x000000000cde5000 	/System/Library/PrivateFrameworks/AppleJPEG.framework/Versions/A/AppleJPEG
0x000000000cde5000 	/System/Library/Frameworks/ImageIO.framework/Versions/A/Resources/libJPEG.dylib
0x000000000cde5000 	/System/Library/Frameworks/ImageIO.framework/Versions/A/Resources/libTIFF.dylib
0x000000000cde5000 	/System/Library/Frameworks/ImageIO.framework/Versions/A/Resources/libPng.dylib
0x000000000cde5000 	/System/Library/Frameworks/ImageIO.framework/Versions/A/Resources/libGIF.dylib
0x000000000cde5000 	/System/Library/Frameworks/ImageIO.framework/Versions/A/Resources/libJP2.dylib
0x000000000cde5000 	/System/Library/Frameworks/ImageIO.framework/Versions/A/Resources/libRadiance.dylib
0x000000000cde5000 	/System/Library/Frameworks/CoreVideo.framework/Versions/A/CoreVideo
0x000000000cde5000 	/System/Library/Frameworks/OpenGL.framework/Versions/A/Libraries/libGLU.dylib
0x000000000cde5000 	/System/Library/Frameworks/OpenGL.framework/Versions/A/Libraries/libGFXShared.dylib
0x000000000cde5000 	/System/Library/Frameworks/OpenGL.framework/Versions/A/Libraries/libGL.dylib
0x000000000cde5000 	/System/Library/Frameworks/OpenGL.framework/Versions/A/Libraries/libGLImage.dylib
0x000000000cde5000 	/System/Library/Frameworks/OpenGL.framework/Versions/A/Libraries/libCVMSPluginSupport.dylib
0x000000000cde5000 	/System/Library/Frameworks/OpenGL.framework/Versions/A/Libraries/libCoreVMClient.dylib
0x000000000cde5000 	/usr/lib/libcups.2.dylib
0x000000000cde5000 	/System/Library/Frameworks/Kerberos.framework/Versions/A/Kerberos
0x000000000cde5000 	/System/Library/Frameworks/GSS.framework/Versions/A/GSS
0x000000000cde5000 	/usr/lib/libresolv.9.dylib
0x000000000cde5000 	/usr/lib/libiconv.2.dylib
0x000000000cde5000 	/System/Library/PrivateFrameworks/Heimdal.framework/Versions/A/Heimdal
0x000000000cde5000 	/usr/lib/libheimdal-asn1.dylib
0x000000000cde5000 	/System/Library/Frameworks/OpenDirectory.framework/Versions/A/OpenDirectory
0x000000000cde5000 	/System/Library/PrivateFrameworks/CommonAuth.framework/Versions/A/CommonAuth
0x000000000cde5000 	/System/Library/Frameworks/OpenDirectory.framework/Versions/A/Frameworks/CFOpenDirectory.framework/Versions/A/CFOpenDirectory
0x000000000cde5000 	/System/Library/Frameworks/SecurityFoundation.framework/Versions/A/SecurityFoundation
0x000000000cde5000 	/System/Library/PrivateFrameworks/LanguageModeling.framework/Versions/A/LanguageModeling
0x000000000cde5000 	/usr/lib/libmarisa.dylib
0x000000000cde5000 	/usr/lib/libChineseTokenizer.dylib
0x000000000cde5000 	/usr/lib/libcmph.dylib
0x000000000cde5000 	/usr/lib/libcompression.dylib
0x000000000cde5000 	/System/Library/Frameworks/ServiceManagement.framework/Versions/A/ServiceManagement
0x000000000cde5000 	/usr/lib/libxslt.1.dylib
0x000000000cde5000 	/System/Library/Frameworks/Carbon.framework/Versions/A/Frameworks/Ink.framework/Versions/A/Ink
0x000000000cde5000 	/usr/lib/libFosl_dynamic.dylib
0x000000000cde5000 	/System/Library/PrivateFrameworks/FaceCore.framework/Versions/A/FaceCore
0x000000000cde5000 	/System/Library/Frameworks/OpenCL.framework/Versions/A/OpenCL
0x000000000cde5000 	/System/Library/PrivateFrameworks/CrashReporterSupport.framework/Versions/A/CrashReporterSupport
0x000000000cde5000 	/System/Library/PrivateFrameworks/IconServices.framework/Versions/A/IconServices
0x000000000cde5000 	/System/Library/PrivateFrameworks/Apple80211.framework/Versions/A/Apple80211
0x000000000cde5000 	/System/Library/Frameworks/CoreWLAN.framework/Versions/A/CoreWLAN
0x000000000cde5000 	/System/Library/Frameworks/IOBluetooth.framework/Versions/A/IOBluetooth
0x000000000cde5000 	/System/Library/PrivateFrameworks/CoreWiFi.framework/Versions/A/CoreWiFi
0x000000000cde5000 	/System/Library/Frameworks/CoreBluetooth.framework/Versions/A/CoreBluetooth
0x000000000cde5000 	/System/Library/PrivateFrameworks/ChunkingLibrary.framework/Versions/A/ChunkingLibrary
0x000000000cde5000 	/System/Library/PrivateFrameworks/DebugSymbols.framework/Versions/A/DebugSymbols
0x000000000cde5000 	/System/Library/PrivateFrameworks/CoreSymbolication.framework/Versions/A/CoreSymbolication
0x000000000cde5000 	/System/Library/PrivateFrameworks/Symbolication.framework/Versions/A/Symbolication
0x000000000cde5000 	/System/Library/PrivateFrameworks/SpeechRecognitionCore.framework/Versions/A/SpeechRecognitionCore
0x000000010de00000 	/Library/Java/JavaVirtualMachines/jdk1.8.0_20.jdk/Contents/Home/jre/lib/server/libjvm.dylib
0x000000000cde5000 	/usr/lib/libstdc++.6.dylib
0x000000010ccc0000 	/Library/Java/JavaVirtualMachines/jdk1.8.0_20.jdk/Contents/Home/jre/lib/libverify.dylib
0x000000010ccce000 	/Library/Java/JavaVirtualMachines/jdk1.8.0_20.jdk/Contents/Home/jre/lib/libjava.dylib
0x000000010cd0c000 	/Library/Java/JavaVirtualMachines/jdk1.8.0_20.jdk/Contents/Home/jre/lib/libzip.dylib
0x0000000129cba000 	/System/Library/Frameworks/JavaVM.framework/Frameworks/JavaRuntimeSupport.framework/JavaRuntimeSupport
0x0000000129cd5000 	/System/Library/Frameworks/JavaVM.framework/Versions/A/Frameworks/JavaNativeFoundation.framework/Versions/A/JavaNativeFoundation
0x0000000129cea000 	/System/Library/Frameworks/JavaVM.framework/Versions/A/JavaVM
0x000000000cde5000 	/System/Library/Frameworks/Carbon.framework/Versions/A/Carbon
0x0000000129cf7000 	/System/Library/PrivateFrameworks/JavaLaunching.framework/Versions/A/JavaLaunching
0x000000000cde5000 	/System/Library/Frameworks/Carbon.framework/Versions/A/Frameworks/CommonPanels.framework/Versions/A/CommonPanels
0x000000000cde5000 	/System/Library/Frameworks/Carbon.framework/Versions/A/Frameworks/Help.framework/Versions/A/Help
0x000000000cde5000 	/System/Library/Frameworks/Carbon.framework/Versions/A/Frameworks/ImageCapture.framework/Versions/A/ImageCapture
0x000000000cde5000 	/System/Library/Frameworks/Carbon.framework/Versions/A/Frameworks/OpenScripting.framework/Versions/A/OpenScripting
0x000000000cde5000 	/System/Library/Frameworks/Carbon.framework/Versions/A/Frameworks/Print.framework/Versions/A/Print
0x000000000cde5000 	/System/Library/Frameworks/Carbon.framework/Versions/A/Frameworks/SecurityHI.framework/Versions/A/SecurityHI
0x000000012b6a9000 	/Library/Java/JavaVirtualMachines/jdk1.8.0_20.jdk/Contents/Home/jre/lib/libprism_es2.dylib
0x000000000cde5000 	/System/Library/Frameworks/OpenGL.framework/Versions/A/Resources/GLEngine.bundle/GLEngine
0x000000000cde5000 	/System/Library/Frameworks/OpenGL.framework/Versions/A/Libraries/libGLProgrammability.dylib
0x000000012b729000 	/System/Library/Extensions/AppleIntelHD5000GraphicsGLDriver.bundle/Contents/MacOS/AppleIntelHD5000GraphicsGLDriver
0x000000000cde5000 	/System/Library/PrivateFrameworks/GPUSupport.framework/Versions/A/Libraries/libGPUSupportMercury.dylib
0x0000000000000000 	/System/Library/Extensions/GeForceGLDriver.bundle/Contents/MacOS/GeForceGLDriver
0x000000000cde5000 	/System/Library/Extensions/GeForceGLDriver.bundle/Contents/MacOS/libclh.dylib
0x000000000cde5000 	/System/Library/Frameworks/OpenGL.framework/Versions/A/Resources/GLRendererFloat.bundle/GLRendererFloat
0x000000000cde5000 	/System/Library/Frameworks/OpenCL.framework/Versions/A/Libraries/libcldcpuengine.dylib
0x000000000cde5000 	/System/Library/PrivateFrameworks/DiskImages.framework/Versions/A/DiskImages
0x000000000cde5000 	/System/Library/Frameworks/DiscRecording.framework/Versions/A/DiscRecording
0x000000000cde5000 	/usr/lib/libcsfde.dylib
0x000000000cde5000 	/usr/lib/libcurl.4.dylib
0x000000000cde5000 	/System/Library/PrivateFrameworks/MediaKit.framework/Versions/A/MediaKit
0x000000000cde5000 	/System/Library/PrivateFrameworks/ProtectedCloudStorage.framework/Versions/A/ProtectedCloudStorage
0x000000000cde5000 	/usr/lib/libCoreStorage.dylib
0x000000000cde5000 	/System/Library/PrivateFrameworks/EFILogin.framework/Versions/A/EFILogin
0x000000000cde5000 	/usr/lib/libutil.dylib
0x000000000cde5000 	/System/Library/PrivateFrameworks/FindMyDevice.framework/Versions/A/FindMyDevice
0x000000000cde5000 	/System/Library/Frameworks/LDAP.framework/Versions/A/LDAP
0x000000000cde5000 	/usr/lib/libsasl2.2.dylib
0x000000000cde5000 	/System/Library/PrivateFrameworks/CoreDaemon.framework/Versions/B/CoreDaemon
0x000000000cde5000 	/usr/lib/libcrypto.0.9.8.dylib
0x000000000cde5000 	/System/Library/PrivateFrameworks/AppleSRP.framework/Versions/A/AppleSRP
0x000000000cde5000 	/System/Library/PrivateFrameworks/TrustEvaluationAgent.framework/Versions/A/TrustEvaluationAgent
0x000000012c0ef000 	/Library/Java/JavaVirtualMachines/jdk1.8.0_20.jdk/Contents/Home/jre/lib/libglass.dylib
0x000000000cde5000 	/System/Library/PrivateFrameworks/CoreServicesInternal.framework/Versions/A/CoreServicesInternal
0x000000012c8fd000 	/System/Library/CoreServices/RawCamera.bundle/Contents/MacOS/RawCamera
0x000000000cde5000 	/System/Library/Frameworks/CoreGraphics.framework/Versions/A/Resources/libRIP.A.dylib
0x000000000cde5000 	/System/Library/Frameworks/Accelerate.framework/Versions/A/Frameworks/vImage.framework/Versions/A/Libraries/libCGInterfaces.dylib
0x000000000cde5000 	/System/Library/PrivateFrameworks/FamilyControls.framework/Versions/A/FamilyControls
0x000000000cde5000 	/System/Library/PrivateFrameworks/CommerceKit.framework/Versions/A/Frameworks/CommerceCore.framework/Versions/A/CommerceCore
0x000000000cde5000 	/System/Library/PrivateFrameworks/SystemAdministration.framework/Versions/A/SystemAdministration
0x000000000cde5000 	/System/Library/PrivateFrameworks/AppContainer.framework/Versions/A/AppContainer
0x000000000cde5000 	/System/Library/PrivateFrameworks/SecCodeWrapper.framework/Versions/A/SecCodeWrapper
0x000000000cde5000 	/System/Library/Frameworks/DirectoryService.framework/Versions/A/DirectoryService
0x000000000cde5000 	/System/Library/PrivateFrameworks/LoginUIKit.framework/Versions/A/Frameworks/LoginUICore.framework/Versions/A/LoginUICore
0x000000000cde5000 	/usr/lib/libodfde.dylib
0x000000000cde5000 	/System/Library/Frameworks/CoreGraphics.framework/Versions/A/Resources/libCGXType.A.dylib
0x00000001306cd000 	cl_kernels
0x000000000cde5000 	/System/Library/Frameworks/OpenCL.framework/Versions/A/Libraries/ImageFormats/unorm8_bgra.dylib
0x000000000cde5000 	/System/Library/Frameworks/OpenCL.framework/Versions/A/Libraries/ImageFormats/unorm8_rgba.dylib

VM Arguments:
jvm_args: -Dfile.encoding=UTF-8 
java_command: /Users/ossama/NetBeansProjects/PrayerTime_Landscape/dist/run2028145054/JavaFXApplication4.jar
java_class_path (initial): /Users/ossama/NetBeansProjects/PrayerTime_Landscape/dist/run2028145054/JavaFXApplication4.jar
Launcher Type: SUN_STANDARD

Environment Variables:
PATH=/usr/bin:/bin:/usr/sbin:/sbin
LD_LIBRARY_PATH=/Library/Java/JavaVirtualMachines/jdk1.8.0_20.jdk/Contents/Home/jre/lib/amd64:/Library/Java/JavaVirtualMachines/jdk1.8.0_20.jdk/Contents/Home/jre/lib/i386:
SHELL=/bin/bash
DISPLAY=/private/tmp/com.apple.launchd.QjrUdVV1gt/org.macosforge.xquartz:0

Signal Handlers:
SIGSEGV: [libjvm.dylib+0x578fd7], sa_mask[0]=11111111011111110111111111111111, sa_flags=SA_ONSTACK|SA_RESTART|SA_SIGINFO
SIGBUS: [libjvm.dylib+0x578fd7], sa_mask[0]=11111111011111110111111111111111, sa_flags=SA_RESTART|SA_SIGINFO
SIGFPE: [libjvm.dylib+0x45ab0c], sa_mask[0]=11111111011111110111111111111111, sa_flags=SA_RESTART|SA_SIGINFO
SIGPIPE: [libjvm.dylib+0x45ab0c], sa_mask[0]=11111111011111110111111111111111, sa_flags=SA_RESTART|SA_SIGINFO
SIGXFSZ: [libjvm.dylib+0x45ab0c], sa_mask[0]=11111111011111110111111111111111, sa_flags=SA_RESTART|SA_SIGINFO
SIGILL: [libjvm.dylib+0x45ab0c], sa_mask[0]=11111111011111110111111111111111, sa_flags=SA_RESTART|SA_SIGINFO
SIGUSR1: SIG_DFL, sa_mask[0]=11011111011111100000000111000110, sa_flags=none
SIGUSR2: [libjvm.dylib+0x45a62a], sa_mask[0]=00100000000000000000000000000000, sa_flags=SA_RESTART|SA_SIGINFO
SIGHUP: [libjvm.dylib+0x458bfd], sa_mask[0]=11111111011111110111111111111111, sa_flags=SA_RESTART|SA_SIGINFO
SIGINT: SIG_IGN, sa_mask[0]=00000000000000000000000000000000, sa_flags=none
SIGTERM: [libjvm.dylib+0x458bfd], sa_mask[0]=11111111011111110111111111111111, sa_flags=SA_RESTART|SA_SIGINFO
SIGQUIT: [libjvm.dylib+0x458bfd], sa_mask[0]=11111111011111110111111111111111, sa_flags=SA_RESTART|SA_SIGINFO


---------------  S Y S T E M  ---------------

OS:Bsduname:Darwin 15.0.0 Darwin Kernel Version 15.0.0: Wed Aug 26 16:57:32 PDT 2015; root:xnu-3247.1.106~1/RELEASE_X86_64 x86_64
rlimit: STACK 8192k, CORE 0k, NPROC 709, NOFILE 10240, AS infinity
load average:1.29 1.52 1.81

CPU:total 8 (4 cores per cpu, 2 threads per core) family 6 model 70 stepping 1, cmov, cx8, fxsr, mmx, sse, sse2, sse3, ssse3, sse4.1, sse4.2, popcnt, avx, avx2, aes, clmul, erms, rtm, lzcnt, ht, tsc, tscinvbit, bmi1, bmi2

Memory: 4k page, physical 16777216k(1680376k free)

/proc/meminfo:


vm_info: Java HotSpot(TM) 64-Bit Server VM (25.20-b23) for bsd-amd64 JRE (1.8.0_20-b26), built on Jul 30 2014 13:37:47 by "java_re" with gcc 4.2.1 (Based on Apple Inc. build 5658) (LLVM build 2336.9.00)

time: Wed Nov 18 19:55:03 2015
elapsed time: 0 seconds (0d 0h 0m 0s)

